<?xml version="1.0" encoding="UTF-8"?>
<!-- Generated by org.testng.reporters.JUnitXMLReporter -->
<testsuite ignored="0" hostname="W-PC0FMQC9" failures="1" tests="1" name="Test" time="99.385" errors="0" timestamp="01 May 2021 14:02:13 GMT">
  <testcase classname="test.Mikado.AddNewProperty" name="addNewProperty" time="99.313">
    <failure type="java.lang.AssertionError" message="null">
      <![CDATA[java.lang.AssertionError: null
at WordpressPageObjects.AddNewPropertyPage.addNewProperty(AddNewPropertyPage.java:579)
at test.Mikado.AddNewProperty.addNewProperty(AddNewProperty.java:28)
... Removed 27 stack frames]]>
    </failure>
  </testcase> <!-- addNewProperty -->
</testsuite> <!-- Test -->
